01-08 02:04 - com.shiku.mianshi.Application Starting Application on DESKTOP-SP3IK4C with PID 23376 (E:\chatBack\mianshi-parent\mianshi-im-api\target\classes started by a in E:\chatBack)
01-08 02:04 - com.shiku.mianshi.Application No active profile set, falling back to default profiles: default
01-08 02:04 - org.apache.coyote.http11.Http11NioProtocol Initializing ProtocolHandler ["http-nio-8092"]
01-08 02:04 - org.apache.catalina.core.StandardService Starting service Tomcat
01-08 02:04 - org.apache.catalina.core.StandardEngine Starting Servlet Engine: Apache Tomcat/8.5.13
01-08 02:04 - org.apache.catalina.core.AprLifecycleListener The APR based Apache Tomcat Native library which allows optimal performance in production environments was not found on the java.library.path: D:\Java\jdk1.8.0_152\bin;C:\Windows\Sun\Java\bin;C:\Windows\system32;C:\Windows;F:\vmware\bin\;C:\Windows\system32;C:\Windows;C:\Windows\System32\Wbem;C:\Windows\System32\WindowsPowerShell\v1.0\;C:\Windows\System32\OpenSSH\;C:\Program Files (x86)\NVIDIA Corporation\PhysX\Common;C:\Program Files\NVIDIA Corporation\NVIDIA NvDLISR;C:\Program Files\Intel\WiFi\bin\;C:\Program Files\Common Files\Intel\WirelessCommon\;C:\Windows\system32;C:\Windows;C:\Windows\System32\Wbem;C:\Windows\System32\WindowsPowerShell\v1.0\;C:\Windows\System32\OpenSSH\;C:\Program Files\TortoiseSVN\bin;C:\DataBase\mysql-8.0.15-winx64\bin\;F:\redis\;E:\erl9.3\bin;E:\apache-maven-3.5.3\bin;F:\rocketmq-all-4.3.0-bin-release\bin;E:\gradle-6.8\bin;C:\Program Files\nodejs\;D:\node-v16.13.0-win-x64;D:\node-v16.13.0-win-x64\node_global;D:\Java\jdk1.8.0_152\bin;D:\Java\jdk1.8.0_152\jre\bin; ;D:\VSCode\bin;C:\Users\a\AppData\Roaming\npm;D:\Fiddler;.
01-08 02:04 - org.apache.jasper.servlet.TldScanner At least one JAR was scanned for TLDs yet contained no TLDs. Enable debug logging for this logger for a complete list of JARs that were scanned but no TLDs were found in them. Skipping unneeded JARs during scanning can improve startup time and JSP compilation time.
01-08 02:04 - o.a.c.core.ContainerBase.[Tomcat].[localhost].[/] Initializing Spring embedded WebApplicationContext
01-08 02:04 - org.apache.catalina.core.StandardService Stopping service Tomcat
01-08 12:56 - com.shiku.mianshi.Application Starting Application on DESKTOP-SP3IK4C with PID 36960 (E:\chatBack\mianshi-parent\mianshi-im-api\target\classes started by a in E:\chatBack)
01-08 12:56 - com.shiku.mianshi.Application No active profile set, falling back to default profiles: default
01-08 12:56 - org.apache.coyote.http11.Http11NioProtocol Initializing ProtocolHandler ["http-nio-8092"]
01-08 12:56 - org.apache.catalina.core.StandardService Starting service Tomcat
01-08 12:56 - org.apache.catalina.core.StandardEngine Starting Servlet Engine: Apache Tomcat/8.5.13
01-08 12:56 - org.apache.catalina.core.AprLifecycleListener The APR based Apache Tomcat Native library which allows optimal performance in production environments was not found on the java.library.path: D:\Java\jdk1.8.0_152\bin;C:\Windows\Sun\Java\bin;C:\Windows\system32;C:\Windows;F:\vmware\bin\;C:\Windows\system32;C:\Windows;C:\Windows\System32\Wbem;C:\Windows\System32\WindowsPowerShell\v1.0\;C:\Windows\System32\OpenSSH\;C:\Program Files (x86)\NVIDIA Corporation\PhysX\Common;C:\Program Files\NVIDIA Corporation\NVIDIA NvDLISR;C:\Program Files\Intel\WiFi\bin\;C:\Program Files\Common Files\Intel\WirelessCommon\;C:\Windows\system32;C:\Windows;C:\Windows\System32\Wbem;C:\Windows\System32\WindowsPowerShell\v1.0\;C:\Windows\System32\OpenSSH\;C:\Program Files\TortoiseSVN\bin;C:\DataBase\mysql-8.0.15-winx64\bin\;F:\redis\;E:\erl9.3\bin;E:\apache-maven-3.5.3\bin;F:\rocketmq-all-4.3.0-bin-release\bin;E:\gradle-6.8\bin;C:\Program Files\nodejs\;D:\node-v16.13.0-win-x64;D:\node-v16.13.0-win-x64\node_global;D:\Java\jdk1.8.0_152\bin;D:\Java\jdk1.8.0_152\jre\bin; ;D:\VSCode\bin;C:\Users\a\AppData\Roaming\npm;D:\Fiddler;.
01-08 12:56 - org.apache.jasper.servlet.TldScanner At least one JAR was scanned for TLDs yet contained no TLDs. Enable debug logging for this logger for a complete list of JARs that were scanned but no TLDs were found in them. Skipping unneeded JARs during scanning can improve startup time and JSP compilation time.
01-08 12:56 - o.a.c.core.ContainerBase.[Tomcat].[localhost].[/] Initializing Spring embedded WebApplicationContext
01-08 12:58 - com.shiku.mianshi.Application Starting Application on DESKTOP-SP3IK4C with PID 25388 (E:\chatBack\mianshi-parent\mianshi-im-api\target\classes started by a in E:\chatBack)
01-08 12:58 - com.shiku.mianshi.Application No active profile set, falling back to default profiles: default
01-08 12:58 - org.apache.coyote.http11.Http11NioProtocol Initializing ProtocolHandler ["http-nio-8092"]
01-08 12:58 - org.apache.catalina.core.StandardService Starting service Tomcat
01-08 12:58 - org.apache.catalina.core.StandardEngine Starting Servlet Engine: Apache Tomcat/8.5.13
01-08 12:58 - org.apache.catalina.core.AprLifecycleListener The APR based Apache Tomcat Native library which allows optimal performance in production environments was not found on the java.library.path: D:\Java\jdk1.8.0_152\bin;C:\Windows\Sun\Java\bin;C:\Windows\system32;C:\Windows;F:\vmware\bin\;C:\Windows\system32;C:\Windows;C:\Windows\System32\Wbem;C:\Windows\System32\WindowsPowerShell\v1.0\;C:\Windows\System32\OpenSSH\;C:\Program Files (x86)\NVIDIA Corporation\PhysX\Common;C:\Program Files\NVIDIA Corporation\NVIDIA NvDLISR;C:\Program Files\Intel\WiFi\bin\;C:\Program Files\Common Files\Intel\WirelessCommon\;C:\Windows\system32;C:\Windows;C:\Windows\System32\Wbem;C:\Windows\System32\WindowsPowerShell\v1.0\;C:\Windows\System32\OpenSSH\;C:\Program Files\TortoiseSVN\bin;C:\DataBase\mysql-8.0.15-winx64\bin\;F:\redis\;E:\erl9.3\bin;E:\apache-maven-3.5.3\bin;F:\rocketmq-all-4.3.0-bin-release\bin;E:\gradle-6.8\bin;C:\Program Files\nodejs\;D:\node-v16.13.0-win-x64;D:\node-v16.13.0-win-x64\node_global;D:\Java\jdk1.8.0_152\bin;D:\Java\jdk1.8.0_152\jre\bin; ;D:\VSCode\bin;C:\Users\a\AppData\Roaming\npm;D:\Fiddler;.
01-08 12:58 - org.apache.jasper.servlet.TldScanner At least one JAR was scanned for TLDs yet contained no TLDs. Enable debug logging for this logger for a complete list of JARs that were scanned but no TLDs were found in them. Skipping unneeded JARs during scanning can improve startup time and JSP compilation time.
01-08 12:58 - o.a.c.core.ContainerBase.[Tomcat].[localhost].[/] Initializing Spring embedded WebApplicationContext
01-08 12:58 - org.apache.catalina.core.StandardService Stopping service Tomcat
01-08 14:08 - com.shiku.mianshi.Application Starting Application on DESKTOP-SP3IK4C with PID 51816 (E:\chatBack\mianshi-parent\mianshi-im-api\target\classes started by a in E:\chatBack)
01-08 14:08 - com.shiku.mianshi.Application No active profile set, falling back to default profiles: default
01-08 14:08 - org.apache.coyote.http11.Http11NioProtocol Initializing ProtocolHandler ["http-nio-8092"]
01-08 14:08 - org.apache.catalina.core.StandardService Starting service Tomcat
01-08 14:08 - org.apache.catalina.core.StandardEngine Starting Servlet Engine: Apache Tomcat/8.5.13
01-08 14:08 - org.apache.catalina.core.AprLifecycleListener The APR based Apache Tomcat Native library which allows optimal performance in production environments was not found on the java.library.path: D:\Java\jdk1.8.0_152\bin;C:\Windows\Sun\Java\bin;C:\Windows\system32;C:\Windows;F:\vmware\bin\;C:\Windows\system32;C:\Windows;C:\Windows\System32\Wbem;C:\Windows\System32\WindowsPowerShell\v1.0\;C:\Windows\System32\OpenSSH\;C:\Program Files (x86)\NVIDIA Corporation\PhysX\Common;C:\Program Files\NVIDIA Corporation\NVIDIA NvDLISR;C:\Program Files\Intel\WiFi\bin\;C:\Program Files\Common Files\Intel\WirelessCommon\;C:\Windows\system32;C:\Windows;C:\Windows\System32\Wbem;C:\Windows\System32\WindowsPowerShell\v1.0\;C:\Windows\System32\OpenSSH\;C:\Program Files\TortoiseSVN\bin;C:\DataBase\mysql-8.0.15-winx64\bin\;F:\redis\;E:\erl9.3\bin;E:\apache-maven-3.5.3\bin;F:\rocketmq-all-4.3.0-bin-release\bin;E:\gradle-6.8\bin;C:\Program Files\nodejs\;D:\node-v16.13.0-win-x64;D:\node-v16.13.0-win-x64\node_global;D:\Java\jdk1.8.0_152\bin;D:\Java\jdk1.8.0_152\jre\bin; ;D:\VSCode\bin;C:\Users\a\AppData\Roaming\npm;D:\Fiddler;.
01-08 14:08 - org.apache.jasper.servlet.TldScanner At least one JAR was scanned for TLDs yet contained no TLDs. Enable debug logging for this logger for a complete list of JARs that were scanned but no TLDs were found in them. Skipping unneeded JARs during scanning can improve startup time and JSP compilation time.
01-08 14:08 - o.a.c.core.ContainerBase.[Tomcat].[localhost].[/] Initializing Spring embedded WebApplicationContext
01-08 14:08 - org.apache.catalina.core.StandardService Stopping service Tomcat
01-08 14:09 - com.shiku.mianshi.Application Starting Application on DESKTOP-SP3IK4C with PID 39624 (E:\chatBack\mianshi-parent\mianshi-im-api\target\classes started by a in E:\chatBack)
01-08 14:09 - com.shiku.mianshi.Application No active profile set, falling back to default profiles: default
01-08 14:09 - org.apache.coyote.http11.Http11NioProtocol Initializing ProtocolHandler ["http-nio-8092"]
01-08 14:09 - org.apache.catalina.core.StandardService Starting service Tomcat
01-08 14:09 - org.apache.catalina.core.StandardEngine Starting Servlet Engine: Apache Tomcat/8.5.13
01-08 14:09 - org.apache.catalina.core.AprLifecycleListener The APR based Apache Tomcat Native library which allows optimal performance in production environments was not found on the java.library.path: D:\Java\jdk1.8.0_152\bin;C:\Windows\Sun\Java\bin;C:\Windows\system32;C:\Windows;F:\vmware\bin\;C:\Windows\system32;C:\Windows;C:\Windows\System32\Wbem;C:\Windows\System32\WindowsPowerShell\v1.0\;C:\Windows\System32\OpenSSH\;C:\Program Files (x86)\NVIDIA Corporation\PhysX\Common;C:\Program Files\NVIDIA Corporation\NVIDIA NvDLISR;C:\Program Files\Intel\WiFi\bin\;C:\Program Files\Common Files\Intel\WirelessCommon\;C:\Windows\system32;C:\Windows;C:\Windows\System32\Wbem;C:\Windows\System32\WindowsPowerShell\v1.0\;C:\Windows\System32\OpenSSH\;C:\Program Files\TortoiseSVN\bin;C:\DataBase\mysql-8.0.15-winx64\bin\;F:\redis\;E:\erl9.3\bin;E:\apache-maven-3.5.3\bin;F:\rocketmq-all-4.3.0-bin-release\bin;E:\gradle-6.8\bin;C:\Program Files\nodejs\;D:\node-v16.13.0-win-x64;D:\node-v16.13.0-win-x64\node_global;D:\Java\jdk1.8.0_152\bin;D:\Java\jdk1.8.0_152\jre\bin; ;D:\VSCode\bin;C:\Users\a\AppData\Roaming\npm;D:\Fiddler;.
01-08 14:09 - org.apache.jasper.servlet.TldScanner At least one JAR was scanned for TLDs yet contained no TLDs. Enable debug logging for this logger for a complete list of JARs that were scanned but no TLDs were found in them. Skipping unneeded JARs during scanning can improve startup time and JSP compilation time.
01-08 14:09 - o.a.c.core.ContainerBase.[Tomcat].[localhost].[/] Initializing Spring embedded WebApplicationContext
01-08 14:16 - com.shiku.mianshi.Application Starting Application on DESKTOP-SP3IK4C with PID 52432 (E:\chatBack\mianshi-parent\mianshi-im-api\target\classes started by a in E:\chatBack)
01-08 14:16 - com.shiku.mianshi.Application No active profile set, falling back to default profiles: default
01-08 14:16 - org.apache.coyote.http11.Http11NioProtocol Initializing ProtocolHandler ["http-nio-8092"]
01-08 14:16 - org.apache.catalina.core.StandardService Starting service Tomcat
01-08 14:16 - org.apache.catalina.core.StandardEngine Starting Servlet Engine: Apache Tomcat/8.5.13
01-08 14:16 - org.apache.catalina.core.AprLifecycleListener The APR based Apache Tomcat Native library which allows optimal performance in production environments was not found on the java.library.path: D:\Java\jdk1.8.0_152\bin;C:\Windows\Sun\Java\bin;C:\Windows\system32;C:\Windows;F:\vmware\bin\;C:\Windows\system32;C:\Windows;C:\Windows\System32\Wbem;C:\Windows\System32\WindowsPowerShell\v1.0\;C:\Windows\System32\OpenSSH\;C:\Program Files (x86)\NVIDIA Corporation\PhysX\Common;C:\Program Files\NVIDIA Corporation\NVIDIA NvDLISR;C:\Program Files\Intel\WiFi\bin\;C:\Program Files\Common Files\Intel\WirelessCommon\;C:\Windows\system32;C:\Windows;C:\Windows\System32\Wbem;C:\Windows\System32\WindowsPowerShell\v1.0\;C:\Windows\System32\OpenSSH\;C:\Program Files\TortoiseSVN\bin;C:\DataBase\mysql-8.0.15-winx64\bin\;F:\redis\;E:\erl9.3\bin;E:\apache-maven-3.5.3\bin;F:\rocketmq-all-4.3.0-bin-release\bin;E:\gradle-6.8\bin;C:\Program Files\nodejs\;D:\node-v16.13.0-win-x64;D:\node-v16.13.0-win-x64\node_global;D:\Java\jdk1.8.0_152\bin;D:\Java\jdk1.8.0_152\jre\bin; ;D:\VSCode\bin;C:\Users\a\AppData\Roaming\npm;D:\Fiddler;.
01-08 14:16 - org.apache.jasper.servlet.TldScanner At least one JAR was scanned for TLDs yet contained no TLDs. Enable debug logging for this logger for a complete list of JARs that were scanned but no TLDs were found in them. Skipping unneeded JARs during scanning can improve startup time and JSP compilation time.
01-08 14:16 - o.a.c.core.ContainerBase.[Tomcat].[localhost].[/] Initializing Spring embedded WebApplicationContext
01-08 14:16 - org.apache.catalina.core.StandardService Stopping service Tomcat
01-08 15:02 - com.shiku.mianshi.Application Starting Application on DESKTOP-SP3IK4C with PID 16748 (E:\chatBack\mianshi-parent\mianshi-im-api\target\classes started by a in E:\chatBack)
01-08 15:02 - com.shiku.mianshi.Application No active profile set, falling back to default profiles: default
01-08 15:02 - org.apache.coyote.http11.Http11NioProtocol Initializing ProtocolHandler ["http-nio-8092"]
01-08 15:02 - org.apache.catalina.core.StandardService Starting service Tomcat
01-08 15:02 - org.apache.catalina.core.StandardEngine Starting Servlet Engine: Apache Tomcat/8.5.13
01-08 15:02 - org.apache.catalina.core.AprLifecycleListener The APR based Apache Tomcat Native library which allows optimal performance in production environments was not found on the java.library.path: D:\Java\jdk1.8.0_152\bin;C:\Windows\Sun\Java\bin;C:\Windows\system32;C:\Windows;F:\vmware\bin\;C:\Windows\system32;C:\Windows;C:\Windows\System32\Wbem;C:\Windows\System32\WindowsPowerShell\v1.0\;C:\Windows\System32\OpenSSH\;C:\Program Files (x86)\NVIDIA Corporation\PhysX\Common;C:\Program Files\NVIDIA Corporation\NVIDIA NvDLISR;C:\Program Files\Intel\WiFi\bin\;C:\Program Files\Common Files\Intel\WirelessCommon\;C:\Windows\system32;C:\Windows;C:\Windows\System32\Wbem;C:\Windows\System32\WindowsPowerShell\v1.0\;C:\Windows\System32\OpenSSH\;C:\Program Files\TortoiseSVN\bin;C:\DataBase\mysql-8.0.15-winx64\bin\;F:\redis\;E:\erl9.3\bin;E:\apache-maven-3.5.3\bin;F:\rocketmq-all-4.3.0-bin-release\bin;E:\gradle-6.8\bin;C:\Program Files\nodejs\;D:\node-v16.13.0-win-x64;D:\node-v16.13.0-win-x64\node_global;D:\Java\jdk1.8.0_152\bin;D:\Java\jdk1.8.0_152\jre\bin; ;D:\VSCode\bin;C:\Users\a\AppData\Roaming\npm;D:\Fiddler;.
01-08 15:02 - org.apache.jasper.servlet.TldScanner At least one JAR was scanned for TLDs yet contained no TLDs. Enable debug logging for this logger for a complete list of JARs that were scanned but no TLDs were found in them. Skipping unneeded JARs during scanning can improve startup time and JSP compilation time.
01-08 15:02 - o.a.c.core.ContainerBase.[Tomcat].[localhost].[/] Initializing Spring embedded WebApplicationContext
01-08 15:02 - cn.xyz.mianshi.utils.IPUtils -------加载文件
01-08 15:02 - org.apache.catalina.core.StandardService Stopping service Tomcat
01-08 15:05 - com.shiku.mianshi.Application Starting Application on DESKTOP-SP3IK4C with PID 38808 (E:\chatBack\mianshi-parent\mianshi-im-api\target\classes started by a in E:\chatBack)
01-08 15:05 - com.shiku.mianshi.Application No active profile set, falling back to default profiles: default
01-08 15:05 - org.apache.coyote.http11.Http11NioProtocol Initializing ProtocolHandler ["http-nio-8092"]
01-08 15:05 - org.apache.catalina.core.StandardService Starting service Tomcat
01-08 15:05 - org.apache.catalina.core.StandardEngine Starting Servlet Engine: Apache Tomcat/8.5.13
01-08 15:05 - org.apache.catalina.core.AprLifecycleListener The APR based Apache Tomcat Native library which allows optimal performance in production environments was not found on the java.library.path: D:\Java\jdk1.8.0_152\bin;C:\Windows\Sun\Java\bin;C:\Windows\system32;C:\Windows;F:\vmware\bin\;C:\Windows\system32;C:\Windows;C:\Windows\System32\Wbem;C:\Windows\System32\WindowsPowerShell\v1.0\;C:\Windows\System32\OpenSSH\;C:\Program Files (x86)\NVIDIA Corporation\PhysX\Common;C:\Program Files\NVIDIA Corporation\NVIDIA NvDLISR;C:\Program Files\Intel\WiFi\bin\;C:\Program Files\Common Files\Intel\WirelessCommon\;C:\Windows\system32;C:\Windows;C:\Windows\System32\Wbem;C:\Windows\System32\WindowsPowerShell\v1.0\;C:\Windows\System32\OpenSSH\;C:\Program Files\TortoiseSVN\bin;C:\DataBase\mysql-8.0.15-winx64\bin\;F:\redis\;E:\erl9.3\bin;E:\apache-maven-3.5.3\bin;F:\rocketmq-all-4.3.0-bin-release\bin;E:\gradle-6.8\bin;C:\Program Files\nodejs\;D:\node-v16.13.0-win-x64;D:\node-v16.13.0-win-x64\node_global;D:\Java\jdk1.8.0_152\bin;D:\Java\jdk1.8.0_152\jre\bin; ;D:\VSCode\bin;C:\Users\a\AppData\Roaming\npm;D:\Fiddler;.
01-08 15:05 - org.apache.jasper.servlet.TldScanner At least one JAR was scanned for TLDs yet contained no TLDs. Enable debug logging for this logger for a complete list of JARs that were scanned but no TLDs were found in them. Skipping unneeded JARs during scanning can improve startup time and JSP compilation time.
01-08 15:05 - o.a.c.core.ContainerBase.[Tomcat].[localhost].[/] Initializing Spring embedded WebApplicationContext
01-08 15:05 - cn.xyz.mianshi.utils.IPUtils -------加载文件
01-08 15:05 - cn.xyz.rocketmq.UserStatusConsumer  MQ config nameAddr ===> 107.148.13.193
01-08 15:05 - cn.xyz.mianshi.scheduleds.CommTask ====定时任务开启中=======》
01-08 15:05 - org.apache.coyote.http11.Http11NioProtocol Starting ProtocolHandler ["http-nio-8092"]
01-08 15:05 - org.apache.tomcat.util.net.NioSelectorPool Using a shared selector for servlet write/read
01-08 15:05 - com.shiku.mianshi.Application Started Application in 19.218 seconds (JVM running for 20.354)
01-08 15:05 - cn.xyz.mianshi.utils.InitializationData >>>>>>>>>>>>>>> 异常信息数据初始化完成  <<<<<<<<<<<<<
01-08 15:05 - com.shiku.mianshi.Application 启动成功  当前版本编译时间  =====》 null
01-08 15:10 - cn.xyz.mianshi.scheduleds.CommTask 刷新用户状态统计======》 102
01-08 15:13 - com.shiku.mianshi.Application Starting Application on DESKTOP-SP3IK4C with PID 16452 (E:\chatBack\mianshi-parent\mianshi-im-api\target\classes started by a in E:\chatBack)
01-08 15:13 - com.shiku.mianshi.Application No active profile set, falling back to default profiles: default
01-08 15:13 - org.apache.coyote.http11.Http11NioProtocol Initializing ProtocolHandler ["http-nio-8092"]
01-08 15:13 - org.apache.catalina.core.StandardService Starting service Tomcat
01-08 15:13 - org.apache.catalina.core.StandardEngine Starting Servlet Engine: Apache Tomcat/8.5.13
01-08 15:13 - org.apache.catalina.core.AprLifecycleListener The APR based Apache Tomcat Native library which allows optimal performance in production environments was not found on the java.library.path: D:\Java\jdk1.8.0_152\bin;C:\Windows\Sun\Java\bin;C:\Windows\system32;C:\Windows;F:\vmware\bin\;C:\Windows\system32;C:\Windows;C:\Windows\System32\Wbem;C:\Windows\System32\WindowsPowerShell\v1.0\;C:\Windows\System32\OpenSSH\;C:\Program Files (x86)\NVIDIA Corporation\PhysX\Common;C:\Program Files\NVIDIA Corporation\NVIDIA NvDLISR;C:\Program Files\Intel\WiFi\bin\;C:\Program Files\Common Files\Intel\WirelessCommon\;C:\Windows\system32;C:\Windows;C:\Windows\System32\Wbem;C:\Windows\System32\WindowsPowerShell\v1.0\;C:\Windows\System32\OpenSSH\;C:\Program Files\TortoiseSVN\bin;C:\DataBase\mysql-8.0.15-winx64\bin\;F:\redis\;E:\erl9.3\bin;E:\apache-maven-3.5.3\bin;F:\rocketmq-all-4.3.0-bin-release\bin;E:\gradle-6.8\bin;C:\Program Files\nodejs\;D:\node-v16.13.0-win-x64;D:\node-v16.13.0-win-x64\node_global;D:\Java\jdk1.8.0_152\bin;D:\Java\jdk1.8.0_152\jre\bin; ;D:\VSCode\bin;C:\Users\a\AppData\Roaming\npm;D:\Fiddler;.
01-08 15:13 - org.apache.jasper.servlet.TldScanner At least one JAR was scanned for TLDs yet contained no TLDs. Enable debug logging for this logger for a complete list of JARs that were scanned but no TLDs were found in them. Skipping unneeded JARs during scanning can improve startup time and JSP compilation time.
01-08 15:13 - o.a.c.core.ContainerBase.[Tomcat].[localhost].[/] Initializing Spring embedded WebApplicationContext
01-08 15:13 - cn.xyz.mianshi.utils.IPUtils -------加载文件
01-08 15:13 - cn.xyz.rocketmq.UserStatusConsumer  MQ config nameAddr ===> 107.148.13.193
01-08 15:13 - cn.xyz.mianshi.scheduleds.CommTask ====定时任务开启中=======》
01-08 15:13 - org.apache.coyote.http11.Http11NioProtocol Starting ProtocolHandler ["http-nio-8092"]
01-08 15:13 - org.apache.tomcat.util.net.NioSelectorPool Using a shared selector for servlet write/read
01-08 15:13 - com.shiku.mianshi.Application Started Application in 18.995 seconds (JVM running for 20.12)
01-08 15:13 - cn.xyz.mianshi.utils.InitializationData >>>>>>>>>>>>>>> 异常信息数据初始化完成  <<<<<<<<<<<<<
01-08 15:13 - com.shiku.mianshi.Application 启动成功  当前版本编译时间  =====》 null
