#
# There is insufficient memory for the Java Runtime Environment to continue.
# Native memory allocation (malloc) failed to allocate 1079136 bytes for Chunk::new
# Possible reasons:
#   The system is out of physical RAM or swap space
#   In 32 bit mode, the process size limit was hit
# Possible solutions:
#   Reduce memory load on the system
#   Increase physical memory or swap space
#   Check if swap backing store is full
#   Use 64 bit Java on a 64 bit OS
#   Decrease Java heap size (-Xmx/-Xms)
#   Decrease number of Java threads
#   Decrease Java thread stack sizes (-Xss)
#   Set larger code cache with -XX:ReservedCodeCacheSize=
# This output file may be truncated or incomplete.
#
#  Out of Memory Error (allocation.cpp:390), pid=158328, tid=0x0000000000027cb0
#
# JRE version: Java(TM) SE Runtime Environment (8.0_152-b16) (build 1.8.0_152-b16)
# Java VM: Java HotSpot(TM) 64-Bit Server VM (25.152-b16 mixed mode windows-amd64 compressed oops)
# Failed to write core dump. Minidumps are not enabled by default on client versions of Windows
#

---------------  T H R E A D  ---------------

Current thread (0x0000000015e74000):  JavaThread "C2 CompilerThread2" daemon [_thread_in_native, id=162992, stack(0x0000000017690000,0x0000000017790000)]

Stack: [0x0000000017690000,0x0000000017790000]
[error occurred during error reporting (printing stack bounds), id 0xc0000005]

Native frames: (J=compiled Java code, j=interpreted, Vv=VM code, C=native code)


Current CompileTask:
C2:  51536 5928       4       lombok.core.TypeLibrary::<init> (90 bytes)


---------------  P R O C E S S  ---------------

Java Threads: ( => current thread )
  0x0000000015f24800 JavaThread "Service Thread" daemon [_thread_blocked, id=161544, stack(0x0000000017890000,0x0000000017990000)]
  0x0000000015e7f000 JavaThread "C1 CompilerThread3" daemon [_thread_blocked, id=161008, stack(0x0000000017790000,0x0000000017890000)]
=>0x0000000015e74000 JavaThread "C2 CompilerThread2" daemon [_thread_in_native, id=162992, stack(0x0000000017690000,0x0000000017790000)]
  0x0000000015e73800 JavaThread "C2 CompilerThread1" daemon [_thread_blocked, id=45548, stack(0x0000000017590000,0x0000000017690000)]
  0x0000000015e6d800 JavaThread "C2 CompilerThread0" daemon [_thread_blocked, id=156028, stack(0x0000000017490000,0x0000000017590000)]
  0x0000000015e69000 JavaThread "Monitor Ctrl-Break" daemon [_thread_in_native, id=162432, stack(0x0000000017390000,0x0000000017490000)]
  0x0000000015dd8000 JavaThread "Attach Listener" daemon [_thread_blocked, id=156816, stack(0x0000000017290000,0x0000000017390000)]
  0x0000000015dd7000 JavaThread "Signal Dispatcher" daemon [_thread_blocked, id=162224, stack(0x0000000017190000,0x0000000017290000)]
  0x0000000015dc3000 JavaThread "Finalizer" daemon [_thread_blocked, id=163396, stack(0x0000000017030000,0x0000000017130000)]
  0x00000000146dd000 JavaThread "Reference Handler" daemon [_thread_blocked, id=92756, stack(0x0000000016f30000,0x0000000017030000)]
  0x0000000002b72800 JavaThread "main" [_thread_in_vm, id=162840, stack(0x0000000002900000,0x0000000002a00000)]

Other Threads:
  0x0000000015da2800 VMThread [stack: 0x0000000016e30000,0x0000000016f30000] [id=153200]
  0x0000000015e5a000 WatcherThread [stack: 0x0000000017990000,0x0000000017a90000] [id=147104]

VM state:not at safepoint (normal execution)

VM Mutex/Monitor currently owned by a thread: None

Heap:
 PSYoungGen      total 153088K, used 18445K [0x00000000f5580000, 0x00000000fff80000, 0x0000000100000000)
  eden space 131584K, 9% used [0x00000000f5580000,0x00000000f62575b0,0x00000000fd600000)
  from space 21504K, 24% used [0x00000000fd600000,0x00000000fdb2c130,0x00000000feb00000)
  to   space 20992K, 0% used [0x00000000feb00000,0x00000000feb00000,0x00000000fff80000)
 ParOldGen       total 153600K, used 84088K [0x00000000e0000000, 0x00000000e9600000, 0x00000000f5580000)
  object space 153600K, 54% used [0x00000000e0000000,0x00000000e521e1f8,0x00000000e9600000)
 Metaspace       used 25035K, capacity 25720K, committed 25904K, reserved 1073152K
  class space    used 2847K, capacity 3017K, committed 3120K, reserved 1048576K

Card table byte_map: [0x0000000012030000,0x0000000012140000] byte_map_base: 0x0000000011930000

Marking Bits: (ParMarkBitMap*) 0x0000000053940860
 Begin Bits: [0x0000000012bf0000, 0x00000000133f0000)
 End Bits:   [0x00000000133f0000, 0x0000000013bf0000)

Polling page: 0x0000000000c50000

CodeCache: size=245760Kb used=20654Kb max_used=20732Kb free=225105Kb
 bounds [0x0000000002c70000, 0x00000000040d0000, 0x0000000011c70000]
 total_blobs=5557 nmethods=5142 adapters=327
 compilation: enabled

Compilation events (10 events):
Event: 51.339 Thread 0x0000000015e7f000 5947       3       lombok.core.handlers.InclusionExclusionUtils$1::compare (109 bytes)
Event: 51.340 Thread 0x0000000015e7f000 nmethod 5947 0x000000000388aad0 code [0x000000000388acc0, 0x000000000388b7d8]
Event: 51.357 Thread 0x0000000015e7f000 5948       3       sun.reflect.AccessorGenerator::getClassName (184 bytes)
Event: 51.358 Thread 0x0000000015e7f000 nmethod 5948 0x0000000003888590 code [0x00000000038888c0, 0x000000000388a2d8]
Event: 51.364 Thread 0x0000000015e6d800 5949       4       java.nio.Buffer::nextGetIndex (38 bytes)
Event: 51.365 Thread 0x0000000015e6d800 nmethod 5949 0x00000000038b55d0 code [0x00000000038b5700, 0x00000000038b5798]
Event: 51.393 Thread 0x0000000015e73800 5950       4       java.nio.HeapByteBuffer::getShort (18 bytes)
Event: 51.395 Thread 0x0000000015e73800 nmethod 5950 0x0000000003885410 code [0x0000000003885560, 0x0000000003885698]
Event: 51.400 Thread 0x0000000015e6d800 5951       4       java.util.regex.Pattern$BnM::optimize (179 bytes)
Event: 51.410 Thread 0x0000000015e6d800 nmethod 5951 0x0000000003886610 code [0x0000000003886780, 0x0000000003886db8]

GC Heap History (10 events):
Event: 49.243 GC heap before
{Heap before GC invocations=15 (full 1):
 PSYoungGen      total 148992K, used 137440K [0x00000000f5580000, 0x0000000100000000, 0x0000000100000000)
  eden space 126464K, 100% used [0x00000000f5580000,0x00000000fd100000,0x00000000fd100000)
  from space 22528K, 48% used [0x00000000fd100000,0x00000000fdbb8320,0x00000000fe700000)
  to   space 21504K, 0% used [0x00000000feb00000,0x00000000feb00000,0x0000000100000000)
 ParOldGen       total 87552K, used 66871K [0x00000000e0000000, 0x00000000e5580000, 0x00000000f5580000)
  object space 87552K, 76% used [0x00000000e0000000,0x00000000e414ddc0,0x00000000e5580000)
 Metaspace       used 24679K, capacity 25360K, committed 25520K, reserved 1071104K
  class space    used 2814K, capacity 2989K, committed 2992K, reserved 1048576K
Event: 49.251 GC heap after
Heap after GC invocations=15 (full 1):
 PSYoungGen      total 150016K, used 12555K [0x00000000f5580000, 0x00000000ffe00000, 0x0000000100000000)
  eden space 130560K, 0% used [0x00000000f5580000,0x00000000f5580000,0x00000000fd500000)
  from space 19456K, 64% used [0x00000000feb00000,0x00000000ff742c68,0x00000000ffe00000)
  to   space 20992K, 0% used [0x00000000fd500000,0x00000000fd500000,0x00000000fe980000)
 ParOldGen       total 87552K, used 67239K [0x00000000e0000000, 0x00000000e5580000, 0x00000000f5580000)
  object space 87552K, 76% used [0x00000000e0000000,0x00000000e41a9dc0,0x00000000e5580000)
 Metaspace       used 24679K, capacity 25360K, committed 25520K, reserved 1071104K
  class space    used 2814K, capacity 2989K, committed 2992K, reserved 1048576K
}
Event: 49.916 GC heap before
{Heap before GC invocations=16 (full 1):
 PSYoungGen      total 150016K, used 143115K [0x00000000f5580000, 0x00000000ffe00000, 0x0000000100000000)
  eden space 130560K, 100% used [0x00000000f5580000,0x00000000fd500000,0x00000000fd500000)
  from space 19456K, 64% used [0x00000000feb00000,0x00000000ff742c68,0x00000000ffe00000)
  to   space 20992K, 0% used [0x00000000fd500000,0x00000000fd500000,0x00000000fe980000)
 ParOldGen       total 87552K, used 67239K [0x00000000e0000000, 0x00000000e5580000, 0x00000000f5580000)
  object space 87552K, 76% used [0x00000000e0000000,0x00000000e41a9dc0,0x00000000e5580000)
 Metaspace       used 24965K, capacity 25608K, committed 25904K, reserved 1073152K
  class space    used 2843K, capacity 3009K, committed 3120K, reserved 1048576K
Event: 49.933 GC heap after
Heap after GC invocations=16 (full 1):
 PSYoungGen      total 151552K, used 5552K [0x00000000f5580000, 0x0000000100000000, 0x0000000100000000)
  eden space 130560K, 0% used [0x00000000f5580000,0x00000000f5580000,0x00000000fd500000)
  from space 20992K, 26% used [0x00000000fd500000,0x00000000fda6c140,0x00000000fe980000)
  to   space 20992K, 0% used [0x00000000feb80000,0x00000000feb80000,0x0000000100000000)
 ParOldGen       total 87552K, used 79338K [0x00000000e0000000, 0x00000000e5580000, 0x00000000f5580000)
  object space 87552K, 90% used [0x00000000e0000000,0x00000000e4d7aa40,0x00000000e5580000)
 Metaspace       used 24965K, capacity 25608K, committed 25904K, reserved 1073152K
  class space    used 2843K, capacity 3009K, committed 3120K, reserved 1048576K
}
Event: 49.933 GC heap before
{Heap before GC invocations=17 (full 2):
 PSYoungGen      total 151552K, used 5552K [0x00000000f5580000, 0x0000000100000000, 0x0000000100000000)
  eden space 130560K, 0% used [0x00000000f5580000,0x00000000f5580000,0x00000000fd500000)
  from space 20992K, 26% used [0x00000000fd500000,0x00000000fda6c140,0x00000000fe980000)
  to   space 20992K, 0% used [0x00000000feb80000,0x00000000feb80000,0x0000000100000000)
 ParOldGen       total 87552K, used 79338K [0x00000000e0000000, 0x00000000e5580000, 0x00000000f5580000)
  object space 87552K, 90% used [0x00000000e0000000,0x00000000e4d7aa40,0x00000000e5580000)
 Metaspace       used 24965K, capacity 25608K, committed 25904K, reserved 1073152K
  class space    used 2843K, capacity 3009K, committed 3120K, reserved 1048576K
Event: 50.459 GC heap after
Heap after GC invocations=17 (full 2):
 PSYoungGen      total 151552K, used 0K [0x00000000f5580000, 0x0000000100000000, 0x0000000100000000)
  eden space 130560K, 0% used [0x00000000f5580000,0x00000000f5580000,0x00000000fd500000)
  from space 20992K, 0% used [0x00000000fd500000,0x00000000fd500000,0x00000000fe980000)
  to   space 20992K, 0% used [0x00000000feb80000,0x00000000feb80000,0x0000000100000000)
 ParOldGen       total 153600K, used 81056K [0x00000000e0000000, 0x00000000e9600000, 0x00000000f5580000)
  object space 153600K, 52% used [0x00000000e0000000,0x00000000e4f28028,0x00000000e9600000)
 Metaspace       used 24965K, capacity 25608K, committed 25904K, reserved 1073152K
  class space    used 2843K, capacity 3009K, committed 3120K, reserved 1048576K
}
Event: 50.959 GC heap before
{Heap before GC invocations=18 (full 2):
 PSYoungGen      total 151552K, used 130560K [0x00000000f5580000, 0x0000000100000000, 0x0000000100000000)
  eden space 130560K, 100% used [0x00000000f5580000,0x00000000fd500000,0x00000000fd500000)
  from space 20992K, 0% used [0x00000000fd500000,0x00000000fd500000,0x00000000fe980000)
  to   space 20992K, 0% used [0x00000000feb80000,0x00000000feb80000,0x0000000100000000)
 ParOldGen       total 153600K, used 81056K [0x00000000e0000000, 0x00000000e9600000, 0x00000000f5580000)
  object space 153600K, 52% used [0x00000000e0000000,0x00000000e4f28028,0x00000000e9600000)
 Metaspace       used 25016K, capacity 25714K, committed 25904K, reserved 1073152K
  class space    used 2847K, capacity 3016K, committed 3120K, reserved 1048576K
Event: 50.963 GC heap after
Heap after GC invocations=18 (full 2):
 PSYoungGen      total 152576K, used 3104K [0x00000000f5580000, 0x0000000100000000, 0x0000000100000000)
  eden space 131584K, 0% used [0x00000000f5580000,0x00000000f5580000,0x00000000fd600000)
  from space 20992K, 14% used [0x00000000feb80000,0x00000000fee88090,0x0000000100000000)
  to   space 21504K, 0% used [0x00000000fd600000,0x00000000fd600000,0x00000000feb00000)
 ParOldGen       total 153600K, used 81064K [0x00000000e0000000, 0x00000000e9600000, 0x00000000f5580000)
  object space 153600K, 52% used [0x00000000e0000000,0x00000000e4f2a028,0x00000000e9600000)
 Metaspace       used 25016K, capacity 25714K, committed 25904K, reserved 1073152K
  class space    used 2847K, capacity 3016K, committed 3120K, reserved 1048576K
}
Event: 51.484 GC heap before
{Heap before GC invocations=19 (full 2):
 PSYoungGen      total 152576K, used 134688K [0x00000000f5580000, 0x0000000100000000, 0x0000000100000000)
  eden space 131584K, 100% used [0x00000000f5580000,0x00000000fd600000,0x00000000fd600000)
  from space 20992K, 14% used [0x00000000feb80000,0x00000000fee88090,0x0000000100000000)
  to   space 21504K, 0% used [0x00000000fd600000,0x00000000fd600000,0x00000000feb00000)
 ParOldGen       total 153600K, used 81064K [0x00000000e0000000, 0x00000000e9600000, 0x00000000f5580000)
  object space 153600K, 52% used [0x00000000e0000000,0x00000000e4f2a028,0x00000000e9600000)
 Metaspace       used 25035K, capacity 25720K, committed 25904K, reserved 1073152K
  class space    used 2847K, capacity 3017K, committed 3120K, reserved 1048576K
Event: 51.495 GC heap after
Heap after GC invocations=19 (full 2):
 PSYoungGen      total 153088K, used 5296K [0x00000000f5580000, 0x00000000fff80000, 0x0000000100000000)
  eden space 131584K, 0% used [0x00000000f5580000,0x00000000f5580000,0x00000000fd600000)
  from space 21504K, 24% used [0x00000000fd600000,0x00000000fdb2c130,0x00000000feb00000)
  to   space 20992K, 0% used [0x00000000feb00000,0x00000000feb00000,0x00000000fff80000)
 ParOldGen       total 153600K, used 84088K [0x00000000e0000000, 0x00000000e9600000, 0x00000000f5580000)
  object space 153600K, 54% used [0x00000000e0000000,0x00000000e521e1f8,0x00000000e9600000)
 Metaspace       used 25035K, capacity 25720K, committed 25904K, reserved 1073152K
  class space    used 2847K, capacity 3017K, committed 3120K, reserved 1048576K
}

Deoptimization events (10 events):
Event: 47.371 Thread 0x0000000002b72800 Uncommon trap: reason=class_check action=maybe_recompile pc=0x0000000003fb3330 method=lombok.javac.JavacAST.buildLocalVar(Lcom/sun/tools/javac/tree/JCTree$JCVariableDecl;Llombok/core/AST$Kind;)Llombok/javac/JavacNode; @ 32
Event: 47.858 Thread 0x0000000002b72800 Uncommon trap: reason=class_check action=maybe_recompile pc=0x0000000003ff61cc method=lombok.javac.JavacAST.buildLocalVar(Lcom/sun/tools/javac/tree/JCTree$JCVariableDecl;Llombok/core/AST$Kind;)Llombok/javac/JavacNode; @ 32
Event: 48.470 Thread 0x0000000002b72800 Uncommon trap: reason=unstable_if action=reinterpret pc=0x000000000341f260 method=java.util.regex.Pattern.newSingle(I)Ljava/util/regex/Pattern$CharProperty; @ 5
Event: 48.501 Thread 0x0000000002b72800 Uncommon trap: reason=unstable_if action=reinterpret pc=0x0000000003ea91ac method=lombok.core.LombokNode.up()Llombok/core/LombokNode; @ 14
Event: 48.510 Thread 0x0000000002b72800 Uncommon trap: reason=class_check action=maybe_recompile pc=0x00000000034a7c90 method=java.util.regex.Pattern$Branch.match(Ljava/util/regex/Matcher;ILjava/lang/CharSequence;)Z @ 50
Event: 48.513 Thread 0x0000000002b72800 Uncommon trap: reason=class_check action=maybe_recompile pc=0x00000000034a7c90 method=java.util.regex.Pattern$Branch.match(Ljava/util/regex/Matcher;ILjava/lang/CharSequence;)Z @ 50
Event: 48.514 Thread 0x0000000002b72800 Uncommon trap: reason=class_check action=maybe_recompile pc=0x00000000034a7c90 method=java.util.regex.Pattern$Branch.match(Ljava/util/regex/Matcher;ILjava/lang/CharSequence;)Z @ 50
Event: 48.514 Thread 0x0000000002b72800 Uncommon trap: reason=class_check action=maybe_recompile pc=0x00000000034a7c90 method=java.util.regex.Pattern$Branch.match(Ljava/util/regex/Matcher;ILjava/lang/CharSequence;)Z @ 50
Event: 49.312 Thread 0x0000000002b72800 Uncommon trap: reason=unstable_if action=reinterpret pc=0x0000000004044648 method=lombok.core.configuration.FileSystemSourceCache.getSourceForDirectory(Ljava/io/File;Llombok/core/configuration/ConfigurationProblemReporter;)Llombok/core/configuration/Confi
Event: 49.325 Thread 0x0000000002b72800 Uncommon trap: reason=unstable_if action=reinterpret pc=0x0000000003229678 method=java.util.regex.Pattern$BitClass.isSatisfiedBy(I)Z @ 4

Classes redefined (0 events):
No events

Internal exceptions (10 events):
Event: 5.611 Thread 0x0000000002b72800 Implicit null exception at 0x0000000002e4ecd6 to 0x0000000002e4f071
Event: 6.191 Thread 0x0000000002b72800 Implicit null exception at 0x000000000304d115 to 0x000000000304d2ed
Event: 6.191 Thread 0x0000000002b72800 Implicit null exception at 0x000000000303bdef to 0x000000000303be59
Event: 14.666 Thread 0x0000000002b72800 Implicit null exception at 0x00000000032c83b7 to 0x00000000032c8601
Event: 21.075 Thread 0x0000000002b72800 Implicit null exception at 0x0000000003566b49 to 0x0000000003567695
Event: 31.157 Thread 0x0000000002b72800 Implicit null exception at 0x00000000035f1a7d to 0x00000000035f1ea5
Event: 34.245 Thread 0x0000000002b72800 Exception <a 'java/lang/ClassNotFoundException': com/sun/tools/javac/api/JavacTool> (0x00000000f9085af0) thrown at [C:\re\workspace\8-2-build-windows-amd64-cygwin\jdk8u152\9742\hotspot\src\share\vm\classfile\systemDictionary.cpp, line 210]
Event: 41.667 Thread 0x0000000002b72800 Exception <a 'java/io/FileNotFoundException'> (0x00000000f99f6108) thrown at [C:\re\workspace\8-2-build-windows-amd64-cygwin\jdk8u152\9742\hotspot\src\share\vm\prims\jni.cpp, line 709]
Event: 41.694 Thread 0x0000000002b72800 Exception <a 'java/io/FileNotFoundException'> (0x00000000f9a2b028) thrown at [C:\re\workspace\8-2-build-windows-amd64-cygwin\jdk8u152\9742\hotspot\src\share\vm\prims\jni.cpp, line 709]
Event: 48.501 Thread 0x0000000002b72800 Implicit null exception at 0x0000000003ea9170 to 0x0000000003ea919d

Events (10 events):
Event: 50.501 Thread 0x0000000015e7f000 flushing nmethod 0x00000000034738d0
Event: 50.513 Thread 0x0000000015e6d800 flushing nmethod 0x00000000038f5710
Event: 50.513 Thread 0x0000000015e6d800 flushing nmethod 0x00000000038f64d0
Event: 50.514 Thread 0x0000000015e6d800 flushing nmethod 0x00000000039eb350
Event: 50.953 Thread 0x0000000002b72800 DEOPT PACKING pc=0x00000000032f4d89 sp=0x00000000029fd050
Event: 50.953 Thread 0x0000000002b72800 DEOPT UNPACKING pc=0x0000000002cb787f sp=0x00000000029fce00 mode 0
Event: 50.958 Executing VM operation: ParallelGCFailedAllocation
Event: 50.963 Executing VM operation: ParallelGCFailedAllocation done
Event: 51.483 Executing VM operation: ParallelGCFailedAllocation
Event: 51.495 Executing VM operation: ParallelGCFailedAllocation done


Dynamic libraries:
0x00007ff7d98b0000 - 0x00007ff7d98e7000 	D:\Java\jdk1.8.0_152\bin\java.exe
0x00007ffcd0d00000 - 0x00007ffcd0ef0000 	C:\Windows\SYSTEM32\ntdll.dll
0x00007ffcd0740000 - 0x00007ffcd07f3000 	C:\Windows\System32\KERNEL32.DLL
0x00007ffcce6d0000 - 0x00007ffcce975000 	C:\Windows\System32\KERNELBASE.dll
0x00007ffcd0990000 - 0x00007ffcd0a33000 	C:\Windows\System32\ADVAPI32.dll
0x00007ffccf610000 - 0x00007ffccf6ae000 	C:\Windows\System32\msvcrt.dll
0x00007ffccf6b0000 - 0x00007ffccf747000 	C:\Windows\System32\sechost.dll
0x00007ffccfa60000 - 0x00007ffccfb7f000 	C:\Windows\System32\RPCRT4.dll
0x00007ffccf310000 - 0x00007ffccf4a4000 	C:\Windows\System32\USER32.dll
0x00007ffcce6a0000 - 0x00007ffcce6c1000 	C:\Windows\System32\win32u.dll
0x00007ffcd0800000 - 0x00007ffcd0826000 	C:\Windows\System32\GDI32.dll
0x00007ffccea90000 - 0x00007ffccec28000 	C:\Windows\System32\gdi32full.dll
0x00007ffcce600000 - 0x00007ffcce69e000 	C:\Windows\System32\msvcp_win.dll
0x00007ffccdc70000 - 0x00007ffccdd6a000 	C:\Windows\System32\ucrtbase.dll
0x00007ffcb1f40000 - 0x00007ffcb21c4000 	C:\Windows\WinSxS\amd64_microsoft.windows.common-controls_6595b64144ccf1df_6.0.18362.1977_none_9e80206be45c8f68\COMCTL32.dll
0x00007ffccefb0000 - 0x00007ffccf2e6000 	C:\Windows\System32\combase.dll
0x00007ffcce570000 - 0x00007ffcce5f4000 	C:\Windows\System32\bcryptPrimitives.dll
0x00007ffcd0710000 - 0x00007ffcd073e000 	C:\Windows\System32\IMM32.DLL
0x00000000539c0000 - 0x0000000053a92000 	D:\Java\jdk1.8.0_152\jre\bin\msvcr100.dll
0x0000000053120000 - 0x00000000539c0000 	D:\Java\jdk1.8.0_152\jre\bin\server\jvm.dll
0x00007ffcd0980000 - 0x00007ffcd0988000 	C:\Windows\System32\PSAPI.DLL
0x00007ffccb4e0000 - 0x00007ffccb504000 	C:\Windows\SYSTEM32\WINMM.dll
0x00007ffcc7870000 - 0x00007ffcc787a000 	C:\Windows\SYSTEM32\VERSION.dll
0x00007ffccb4b0000 - 0x00007ffccb4dd000 	C:\Windows\SYSTEM32\WINMMBASE.dll
0x00007ffccdd70000 - 0x00007ffccddba000 	C:\Windows\System32\cfgmgr32.dll
0x00007ffcb4aa0000 - 0x00007ffcb4aa9000 	C:\Windows\SYSTEM32\WSOCK32.dll
0x0000000002890000 - 0x00000000028ff000 	C:\Windows\System32\WS2_32.dll
0x0000000053d60000 - 0x0000000053d6f000 	D:\Java\jdk1.8.0_152\jre\bin\verify.dll
0x0000000053d30000 - 0x0000000053d59000 	D:\Java\jdk1.8.0_152\jre\bin\java.dll
0x00000000530b0000 - 0x00000000530d3000 	D:\Java\jdk1.8.0_152\jre\bin\instrument.dll
0x0000000053d10000 - 0x0000000053d26000 	D:\Java\jdk1.8.0_152\jre\bin\zip.dll
0x00007ffcd0020000 - 0x00007ffcd0707000 	C:\Windows\System32\SHELL32.dll
0x00007ffccf560000 - 0x00007ffccf609000 	C:\Windows\System32\shcore.dll
0x00007ffccddf0000 - 0x00007ffcce56b000 	C:\Windows\System32\windows.storage.dll
0x00007ffccdc50000 - 0x00007ffccdc6e000 	C:\Windows\System32\profapi.dll
0x00007ffccdbe0000 - 0x00007ffccdc2a000 	C:\Windows\System32\powrprof.dll
0x00007ffccdbb0000 - 0x00007ffccdbc0000 	C:\Windows\System32\UMPDC.dll
0x00007ffccf750000 - 0x00007ffccf7a2000 	C:\Windows\System32\shlwapi.dll
0x00007ffccdbc0000 - 0x00007ffccdbd1000 	C:\Windows\System32\kernel.appcore.dll
0x00007ffccec30000 - 0x00007ffccec47000 	C:\Windows\System32\cryptsp.dll
0x00007ffcbb4f0000 - 0x00007ffcbb50a000 	E:\idea2020\bin\breakgen64.dll
0x0000000053100000 - 0x000000005311a000 	D:\Java\jdk1.8.0_152\jre\bin\net.dll
0x00007ffccd3f0000 - 0x00007ffccd457000 	C:\Windows\system32\mswsock.dll
0x00007ffcccf70000 - 0x00007ffcccfa3000 	C:\Windows\system32\rsaenh.dll
0x00007ffccddc0000 - 0x00007ffccdde6000 	C:\Windows\System32\bcrypt.dll
0x00007ffccdad0000 - 0x00007ffccdaf5000 	C:\Windows\SYSTEM32\USERENV.dll
0x00007ffccd5c0000 - 0x00007ffccd5cc000 	C:\Windows\SYSTEM32\CRYPTBASE.dll
0x00007ffccd100000 - 0x00007ffccd13a000 	C:\Windows\SYSTEM32\IPHLPAPI.DLL
0x00007ffcd0010000 - 0x00007ffcd0018000 	C:\Windows\System32\NSI.dll
0x00007ffcc7f30000 - 0x00007ffcc7f46000 	C:\Windows\SYSTEM32\dhcpcsvc6.DLL
0x00007ffcc7f10000 - 0x00007ffcc7f2c000 	C:\Windows\SYSTEM32\dhcpcsvc.DLL
0x00007ffccd140000 - 0x00007ffccd20a000 	C:\Windows\SYSTEM32\DNSAPI.dll
0x00000000530e0000 - 0x00000000530f1000 	D:\Java\jdk1.8.0_152\jre\bin\nio.dll
0x00007ffcc7380000 - 0x00007ffcc738a000 	C:\Users\a\AppData\Local\Temp\jansi-1.17.1-7691677879172060176.dll
0x00007ffcbe280000 - 0x00007ffcbe28a000 	C:\Users\a\AppData\Local\Temp\jansi-1.17.1-2997733490023126605.dll

VM Arguments:
jvm_args: -Dmaven.multiModuleProjectDirectory=E:\chatBack\mianshi-parent\mianshi-service -Xms128m -Xmx512m -Dmaven.home=E:\idea2020\plugins\maven\lib\maven3 -Dclassworlds.conf=E:\idea2020\plugins\maven\lib\maven3\bin\m2.conf -Dmaven.ext.class.path=E:\idea2020\plugins\maven\lib\maven-event-listener.jar -javaagent:E:\idea2020\lib\idea_rt.jar=50318:E:\idea2020\bin -Dfile.encoding=UTF-8 
java_command: org.codehaus.classworlds.Launcher -Didea.version2020.1 -Dmaven.repo.local=E:\repository install
java_class_path (initial): E:\idea2020\plugins\maven\lib\maven3\boot\plexus-classworlds-2.6.0.jar;E:\idea2020\lib\idea_rt.jar
Launcher Type: SUN_STANDARD

Environment Variables:
JAVA_HOME=D:\Java\jdk1.8.0_152
CLASSPATH=.;D:\Java\jdk1.8.0_152\lib\dt.jar;D:\Java\jdk1.8.0_152\lib\tools.jar
PATH=F:\vmware\bin\;C:\Windows\system32;C:\Windows;C:\Windows\System32\Wbem;C:\Windows\System32\WindowsPowerShell\v1.0\;C:\Windows\System32\OpenSSH\;C:\Program Files (x86)\NVIDIA Corporation\PhysX\Common;C:\Program Files\NVIDIA Corporation\NVIDIA NvDLISR;C:\Program Files\Intel\WiFi\bin\;C:\Program Files\Common Files\Intel\WirelessCommon\;C:\Windows\system32;C:\Windows;C:\Windows\System32\Wbem;C:\Windows\System32\WindowsPowerShell\v1.0\;C:\Windows\System32\OpenSSH\;C:\Program Files\TortoiseSVN\bin;C:\DataBase\mysql-8.0.15-winx64\bin\;F:\redis\;E:\erl9.3\bin;E:\apache-maven-3.5.3\bin;F:\rocketmq-all-4.3.0-bin-release\bin;E:\gradle-6.8\bin;C:\Program Files\nodejs\;D:\node-v16.13.0-win-x64;D:\node-v16.13.0-win-x64\node_global;C:\Program Files\dotnet\;D:\Java\jdk1.8.0_152\bin;D:\Java\jdk1.8.0_152\jre\bin; ;D:\VSCode\bin;C:\Users\a\AppData\Roaming\npm;D:\Fiddler
USERNAME=a
OS=Windows_NT
PROCESSOR_IDENTIFIER=Intel64 Family 6 Model 158 Stepping 10, GenuineIntel



---------------  S Y S T E M  ---------------

OS: Windows 10.0 , 64 bit Build 18362 (10.0.18362.1916)

CPU:total 12 (initial active 12) (6 cores per cpu, 2 threads per core) family 6 model 158 stepping 10, cmov, cx8, fxsr, mmx, sse, sse2, sse3, ssse3, sse4.1, sse4.2, popcnt, avx, avx2, aes, clmul, erms, 3dnowpref, lzcnt, ht, tsc, tscinvbit, bmi1, bmi2, adx

Memory: 4k page, physical 16562936k(372076k free), swap 66894584k(4720k free)

vm_info: Java HotSpot(TM) 64-Bit Server VM (25.152-b16) for windows-amd64 JRE (1.8.0_152-b16), built on Sep 14 2017 02:29:36 by "java_re" with MS VC++ 10.0 (VS2010)

time: Thu May 05 17:59:17 2022
elapsed time: 51 seconds (0d 0h 0m 51s)

